<?xml version="1.0" encoding="UTF-8"?>
<!-- Generated by org.testng.reporters.JUnitReportReporter -->
<testsuite hostname="rdonthamsetti" name="com.rallydev.rest.client.HttpClientTest" tests="1" failures="0" timestamp="8 Jan 2016 19:05:50 GMT" time="0.814" errors="0">
  <testcase name="shouldIntialize" time="0.814" classname="com.rallydev.rest.client.HttpClientTest"/>
</testsuite> <!-- com.rallydev.rest.client.HttpClientTest -->
